# JRE version: OpenJDK Runtime Environment (17.0.6) (build 17.0.6+0-b2043.56-10027231)
# Java VM: OpenJDK 64-Bit Server VM (17.0.6+0-b2043.56-10027231, mixed mode, tiered, compressed oops, compressed class ptrs, g1 gc, windows-amd64)
GC Precious Log:
 CPUs: 8 total, 8 available
 Memory: 6082M
 Large Page Support: Disabled
 NUMA Support: Disabled
 Compressed Oops: Enabled (32-bit)
 Heap Region Size: 1M
 Heap Min Capacity: 8M
 Heap Initial Capacity: 96M
 Heap Max Capacity: 2G
 Pre-touch: Disabled
 Parallel Workers: 8
 Concurrent Workers: 2
 Concurrent Refinement Workers: 8
 Periodic GC: Disabled
Heap:
 garbage-first heap   total 198656K, used 129138K [0x0000000080000000, 0x0000000100000000)
  region size 1024K, 22 young (22528K), 4 survivors (4096K)
 Metaspace       used 80597K, committed 81216K, reserved 1122304K
  class space    used 10435K, committed 10688K, reserved 1048576K
GC Heap History (20 events):
Event: 23.569 GC heap before
{Heap before GC invocations=58 (full 0):
 garbage-first heap   total 198656K, used 171763K [0x0000000080000000, 0x0000000100000000)
  region size 1024K, 99 young (101376K), 5 survivors (5120K)
 Metaspace       used 52072K, committed 52608K, reserved 1097728K
  class space    used 6738K, committed 6976K, reserved 1048576K
}
Event: 23.573 GC heap after
{Heap after GC invocations=59 (full 0):
 garbage-first heap   total 198656K, used 75705K [0x0000000080000000, 0x0000000100000000)
  region size 1024K, 5 young (5120K), 5 survivors (5120K)
 Metaspace       used 52072K, committed 52608K, reserved 1097728K
  class space    used 6738K, committed 6976K, reserved 1048576K
}
Event: 23.797 GC heap before
{Heap before GC invocations=59 (full 0):
 garbage-first heap   total 198656K, used 170937K [0x0000000080000000, 0x0000000100000000)
  region size 1024K, 98 young (100352K), 5 survivors (5120K)
 Metaspace       used 52072K, committed 52608K, reserved 1097728K
  class space    used 6738K, committed 6976K, reserved 1048576K
}
Event: 23.801 GC heap after
{Heap after GC invocations=60 (full 0):
 garbage-first heap   total 198656K, used 75970K [0x0000000080000000, 0x0000000100000000)
  region size 1024K, 5 young (5120K), 5 survivors (5120K)
 Metaspace       used 52072K, committed 52608K, reserved 1097728K
  class space    used 6738K, committed 6976K, reserved 1048576K
}
Event: 24.071 GC heap before
{Heap before GC invocations=60 (full 0):
 garbage-first heap   total 198656K, used 171202K [0x0000000080000000, 0x0000000100000000)
  region size 1024K, 98 young (100352K), 5 survivors (5120K)
 Metaspace       used 52072K, committed 52608K, reserved 1097728K
  class space    used 6738K, committed 6976K, reserved 1048576K
}
Event: 24.074 GC heap after
{Heap after GC invocations=61 (full 0):
 garbage-first heap   total 198656K, used 76108K [0x0000000080000000, 0x0000000100000000)
  region size 1024K, 5 young (5120K), 5 survivors (5120K)
 Metaspace       used 52072K, committed 52608K, reserved 1097728K
  class space    used 6738K, committed 6976K, reserved 1048576K
}
Event: 24.331 GC heap before
{Heap before GC invocations=61 (full 0):
 garbage-first heap   total 198656K, used 171340K [0x0000000080000000, 0x0000000100000000)
  region size 1024K, 98 young (100352K), 5 survivors (5120K)
 Metaspace       used 52072K, committed 52608K, reserved 1097728K
  class space    used 6738K, committed 6976K, reserved 1048576K
}
Event: 24.335 GC heap after
{Heap after GC invocations=62 (full 0):
 garbage-first heap   total 198656K, used 76191K [0x0000000080000000, 0x0000000100000000)
  region size 1024K, 5 young (5120K), 5 survivors (5120K)
 Metaspace       used 52072K, committed 52608K, reserved 1097728K
  class space    used 6738K, committed 6976K, reserved 1048576K
}
Event: 24.579 GC heap before
{Heap before GC invocations=62 (full 0):
 garbage-first heap   total 198656K, used 170399K [0x0000000080000000, 0x0000000100000000)
  region size 1024K, 97 young (99328K), 5 survivors (5120K)
 Metaspace       used 52072K, committed 52608K, reserved 1097728K
  class space    used 6738K, committed 6976K, reserved 1048576K
}
Event: 24.583 GC heap after
{Heap after GC invocations=63 (full 0):
 garbage-first heap   total 198656K, used 76506K [0x0000000080000000, 0x0000000100000000)
  region size 1024K, 5 young (5120K), 5 survivors (5120K)
 Metaspace       used 52072K, committed 52608K, reserved 1097728K
  class space    used 6738K, committed 6976K, reserved 1048576K
}
Event: 24.820 GC heap before
{Heap before GC invocations=63 (full 0):
 garbage-first heap   total 198656K, used 170714K [0x0000000080000000, 0x0000000100000000)
  region size 1024K, 97 young (99328K), 5 survivors (5120K)
 Metaspace       used 52072K, committed 52608K, reserved 1097728K
  class space    used 6738K, committed 6976K, reserved 1048576K
}
Event: 24.823 GC heap after
{Heap after GC invocations=64 (full 0):
 garbage-first heap   total 198656K, used 76509K [0x0000000080000000, 0x0000000100000000)
  region size 1024K, 4 young (4096K), 4 survivors (4096K)
 Metaspace       used 52072K, committed 52608K, reserved 1097728K
  class space    used 6738K, committed 6976K, reserved 1048576K
}
Event: 26.970 GC heap before
{Heap before GC invocations=64 (full 0):
 garbage-first heap   total 198656K, used 176861K [0x0000000080000000, 0x0000000100000000)
  region size 1024K, 98 young (100352K), 4 survivors (4096K)
 Metaspace       used 59596K, committed 60160K, reserved 1105920K
  class space    used 7652K, committed 7936K, reserved 1048576K
}
Event: 26.977 GC heap after
{Heap after GC invocations=65 (full 0):
 garbage-first heap   total 198656K, used 83300K [0x0000000080000000, 0x0000000100000000)
  region size 1024K, 7 young (7168K), 7 survivors (7168K)
 Metaspace       used 59596K, committed 60160K, reserved 1105920K
  class space    used 7652K, committed 7936K, reserved 1048576K
}
Event: 29.458 GC heap before
{Heap before GC invocations=65 (full 0):
 garbage-first heap   total 198656K, used 168292K [0x0000000080000000, 0x0000000100000000)
  region size 1024K, 90 young (92160K), 7 survivors (7168K)
 Metaspace       used 66746K, committed 67328K, reserved 1114112K
  class space    used 8965K, committed 9216K, reserved 1048576K
}
Event: 29.491 GC heap after
{Heap after GC invocations=66 (full 0):
 garbage-first heap   total 198656K, used 98731K [0x0000000080000000, 0x0000000100000000)
  region size 1024K, 12 young (12288K), 12 survivors (12288K)
 Metaspace       used 66746K, committed 67328K, reserved 1114112K
  class space    used 8965K, committed 9216K, reserved 1048576K
}
Event: 31.872 GC heap before
{Heap before GC invocations=66 (full 0):
 garbage-first heap   total 198656K, used 159147K [0x0000000080000000, 0x0000000100000000)
  region size 1024K, 71 young (72704K), 12 survivors (12288K)
 Metaspace       used 74449K, committed 75008K, reserved 1122304K
  class space    used 9801K, committed 10048K, reserved 1048576K
}
Event: 31.894 GC heap after
{Heap after GC invocations=67 (full 0):
 garbage-first heap   total 198656K, used 106143K [0x0000000080000000, 0x0000000100000000)
  region size 1024K, 7 young (7168K), 7 survivors (7168K)
 Metaspace       used 74449K, committed 75008K, reserved 1122304K
  class space    used 9801K, committed 10048K, reserved 1048576K
}
Event: 33.589 GC heap before
{Heap before GC invocations=67 (full 0):
 garbage-first heap   total 198656K, used 152223K [0x0000000080000000, 0x0000000100000000)
  region size 1024K, 53 young (54272K), 7 survivors (7168K)
 Metaspace       used 80520K, committed 81152K, reserved 1122304K
  class space    used 10435K, committed 10688K, reserved 1048576K
}
Event: 33.603 GC heap after
{Heap after GC invocations=68 (full 0):
 garbage-first heap   total 198656K, used 110706K [0x0000000080000000, 0x0000000100000000)
  region size 1024K, 4 young (4096K), 4 survivors (4096K)
 Metaspace       used 80520K, committed 81152K, reserved 1122304K
  class space    used 10435K, committed 10688K, reserved 1048576K
}

