# JRE version: OpenJDK Runtime Environment (17.0.6) (build 17.0.6+0-b2043.56-10027231)
# Java VM: OpenJDK 64-Bit Server VM (17.0.6+0-b2043.56-10027231, mixed mode, tiered, compressed oops, compressed class ptrs, g1 gc, windows-amd64)
GC Precious Log:
 CPUs: 8 total, 8 available
 Memory: 6082M
 Large Page Support: Disabled
 NUMA Support: Disabled
 Compressed Oops: Enabled (32-bit)
 Heap Region Size: 1M
 Heap Min Capacity: 8M
 Heap Initial Capacity: 96M
 Heap Max Capacity: 2G
 Pre-touch: Disabled
 Parallel Workers: 8
 Concurrent Workers: 2
 Concurrent Refinement Workers: 8
 Periodic GC: Disabled
Heap:
 garbage-first heap   total 403456K, used 117623K [0x0000000080000000, 0x0000000100000000)
  region size 1024K, 10 young (10240K), 10 survivors (10240K)
 Metaspace       used 145848K, committed 147648K, reserved 1179648K
  class space    used 19661K, committed 20544K, reserved 1048576K
GC Heap History (20 events):
Event: 9608.147 GC heap after
{Heap after GC invocations=76 (full 0):
 garbage-first heap   total 399360K, used 115159K [0x0000000080000000, 0x0000000100000000)
  region size 1024K, 3 young (3072K), 3 survivors (3072K)
 Metaspace       used 143320K, committed 144576K, reserved 1179648K
  class space    used 19291K, committed 19904K, reserved 1048576K
}
Event: 9610.109 GC heap before
{Heap before GC invocations=76 (full 0):
 garbage-first heap   total 399360K, used 173527K [0x0000000080000000, 0x0000000100000000)
  region size 1024K, 62 young (63488K), 3 survivors (3072K)
 Metaspace       used 143387K, committed 144640K, reserved 1179648K
  class space    used 19291K, committed 19904K, reserved 1048576K
}
Event: 9610.130 GC heap after
{Heap after GC invocations=77 (full 0):
 garbage-first heap   total 399360K, used 115124K [0x0000000080000000, 0x0000000100000000)
  region size 1024K, 3 young (3072K), 3 survivors (3072K)
 Metaspace       used 143387K, committed 144640K, reserved 1179648K
  class space    used 19291K, committed 19904K, reserved 1048576K
}
Event: 10153.237 GC heap before
{Heap before GC invocations=78 (full 0):
 garbage-first heap   total 399360K, used 347572K [0x0000000080000000, 0x0000000100000000)
  region size 1024K, 205 young (209920K), 3 survivors (3072K)
 Metaspace       used 145174K, committed 147008K, reserved 1179648K
  class space    used 19618K, committed 20480K, reserved 1048576K
}
Event: 10153.321 GC heap after
{Heap after GC invocations=79 (full 0):
 garbage-first heap   total 399360K, used 119962K [0x0000000080000000, 0x0000000100000000)
  region size 1024K, 8 young (8192K), 8 survivors (8192K)
 Metaspace       used 145174K, committed 147008K, reserved 1179648K
  class space    used 19618K, committed 20480K, reserved 1048576K
}
Event: 10153.545 GC heap before
{Heap before GC invocations=79 (full 0):
 garbage-first heap   total 399360K, used 130202K [0x0000000080000000, 0x0000000100000000)
  region size 1024K, 19 young (19456K), 8 survivors (8192K)
 Metaspace       used 145176K, committed 147008K, reserved 1179648K
  class space    used 19618K, committed 20480K, reserved 1048576K
}
Event: 10153.610 GC heap after
{Heap after GC invocations=80 (full 0):
 garbage-first heap   total 399360K, used 113685K [0x0000000080000000, 0x0000000100000000)
  region size 1024K, 2 young (2048K), 2 survivors (2048K)
 Metaspace       used 145176K, committed 147008K, reserved 1179648K
  class space    used 19618K, committed 20480K, reserved 1048576K
}
Event: 10153.883 GC heap before
{Heap before GC invocations=80 (full 0):
 garbage-first heap   total 399360K, used 115733K [0x0000000080000000, 0x0000000100000000)
  region size 1024K, 5 young (5120K), 2 survivors (2048K)
 Metaspace       used 145187K, committed 147008K, reserved 1179648K
  class space    used 19619K, committed 20480K, reserved 1048576K
}
Event: 10153.902 GC heap after
{Heap after GC invocations=81 (full 0):
 garbage-first heap   total 399360K, used 113412K [0x0000000080000000, 0x0000000100000000)
  region size 1024K, 2 young (2048K), 2 survivors (2048K)
 Metaspace       used 145187K, committed 147008K, reserved 1179648K
  class space    used 19619K, committed 20480K, reserved 1048576K
}
Event: 10261.698 GC heap before
{Heap before GC invocations=82 (full 0):
 garbage-first heap   total 399360K, used 360196K [0x0000000080000000, 0x0000000100000000)
  region size 1024K, 213 young (218112K), 2 survivors (2048K)
 Metaspace       used 145537K, committed 147392K, reserved 1179648K
  class space    used 19654K, committed 20544K, reserved 1048576K
}
Event: 10261.837 GC heap after
{Heap after GC invocations=83 (full 0):
 garbage-first heap   total 399360K, used 117181K [0x0000000080000000, 0x0000000100000000)
  region size 1024K, 6 young (6144K), 6 survivors (6144K)
 Metaspace       used 145537K, committed 147392K, reserved 1179648K
  class space    used 19654K, committed 20544K, reserved 1048576K
}
Event: 10262.414 GC heap before
{Heap before GC invocations=83 (full 0):
 garbage-first heap   total 399360K, used 130493K [0x0000000080000000, 0x0000000100000000)
  region size 1024K, 19 young (19456K), 6 survivors (6144K)
 Metaspace       used 145557K, committed 147392K, reserved 1179648K
  class space    used 19654K, committed 20544K, reserved 1048576K
}
Event: 10262.490 GC heap after
{Heap after GC invocations=84 (full 0):
 garbage-first heap   total 399360K, used 110672K [0x0000000080000000, 0x0000000100000000)
  region size 1024K, 3 young (3072K), 3 survivors (3072K)
 Metaspace       used 145557K, committed 147392K, reserved 1179648K
  class space    used 19654K, committed 20544K, reserved 1048576K
}
Event: 10263.889 GC heap before
{Heap before GC invocations=84 (full 0):
 garbage-first heap   total 399360K, used 145488K [0x0000000080000000, 0x0000000100000000)
  region size 1024K, 39 young (39936K), 3 survivors (3072K)
 Metaspace       used 145584K, committed 147456K, reserved 1179648K
  class space    used 19654K, committed 20544K, reserved 1048576K
}
Event: 10263.916 GC heap after
{Heap after GC invocations=85 (full 0):
 garbage-first heap   total 399360K, used 116768K [0x0000000080000000, 0x0000000100000000)
  region size 1024K, 9 young (9216K), 9 survivors (9216K)
 Metaspace       used 145584K, committed 147456K, reserved 1179648K
  class space    used 19654K, committed 20544K, reserved 1048576K
}
Event: 10466.896 GC heap before
{Heap before GC invocations=86 (full 0):
 garbage-first heap   total 399360K, used 347168K [0x0000000080000000, 0x0000000100000000)
  region size 1024K, 207 young (211968K), 9 survivors (9216K)
 Metaspace       used 145793K, committed 147584K, reserved 1179648K
  class space    used 19661K, committed 20544K, reserved 1048576K
}
Event: 10466.979 GC heap after
{Heap after GC invocations=87 (full 0):
 garbage-first heap   total 399360K, used 120959K [0x0000000080000000, 0x0000000100000000)
  region size 1024K, 9 young (9216K), 9 survivors (9216K)
 Metaspace       used 145793K, committed 147584K, reserved 1179648K
  class space    used 19661K, committed 20544K, reserved 1048576K
}
Event: 10467.051 GC heap before
{Heap before GC invocations=87 (full 0):
 garbage-first heap   total 399360K, used 131199K [0x0000000080000000, 0x0000000100000000)
  region size 1024K, 19 young (19456K), 9 survivors (9216K)
 Metaspace       used 145794K, committed 147584K, reserved 1179648K
  class space    used 19661K, committed 20544K, reserved 1048576K
}
Event: 10467.150 GC heap after
{Heap after GC invocations=88 (full 0):
 garbage-first heap   total 399360K, used 109757K [0x0000000080000000, 0x0000000100000000)
  region size 1024K, 2 young (2048K), 2 survivors (2048K)
 Metaspace       used 145794K, committed 147584K, reserved 1179648K
  class space    used 19661K, committed 20544K, reserved 1048576K
}
Event: 10468.808 GC heap before
{Heap before GC invocations=88 (full 0):
 garbage-first heap   total 399360K, used 170173K [0x0000000080000000, 0x0000000100000000)
  region size 1024K, 62 young (63488K), 2 survivors (2048K)
 Metaspace       used 145848K, committed 147648K, reserved 1179648K
  class space    used 19661K, committed 20544K, reserved 1048576K
}

