# JRE version: OpenJDK Runtime Environment (17.0.6) (build 17.0.6+0-b2043.56-10027231)
# Java VM: OpenJDK 64-Bit Server VM (17.0.6+0-b2043.56-10027231, mixed mode, tiered, compressed oops, compressed class ptrs, g1 gc, windows-amd64)
GC Precious Log:
 CPUs: 8 total, 8 available
 Memory: 6082M
 Large Page Support: Disabled
 NUMA Support: Disabled
 Compressed Oops: Enabled (32-bit)
 Heap Region Size: 1M
 Heap Min Capacity: 8M
 Heap Initial Capacity: 96M
 Heap Max Capacity: 2G
 Pre-touch: Disabled
 Parallel Workers: 8
 Concurrent Workers: 2
 Concurrent Refinement Workers: 8
 Periodic GC: Disabled
Heap:
 garbage-first heap   total 236544K, used 147578K [0x0000000080000000, 0x0000000100000000)
  region size 1024K, 60 young (61440K), 1 survivors (1024K)
 Metaspace       used 105087K, committed 105792K, reserved 1146880K
  class space    used 14223K, committed 14528K, reserved 1048576K
GC Heap History (20 events):
Event: 10.237 GC heap before
{Heap before GC invocations=17 (full 0):
 garbage-first heap   total 143360K, used 112140K [0x0000000080000000, 0x0000000100000000)
  region size 1024K, 61 young (62464K), 6 survivors (6144K)
 Metaspace       used 79652K, committed 80256K, reserved 1122304K
  class space    used 10572K, committed 10880K, reserved 1048576K
}
Event: 10.244 GC heap after
{Heap after GC invocations=18 (full 0):
 garbage-first heap   total 143360K, used 59743K [0x0000000080000000, 0x0000000100000000)
  region size 1024K, 4 young (4096K), 4 survivors (4096K)
 Metaspace       used 79652K, committed 80256K, reserved 1122304K
  class space    used 10572K, committed 10880K, reserved 1048576K
}
Event: 11.083 GC heap before
{Heap before GC invocations=18 (full 0):
 garbage-first heap   total 143360K, used 115039K [0x0000000080000000, 0x0000000100000000)
  region size 1024K, 57 young (58368K), 4 survivors (4096K)
 Metaspace       used 86046K, committed 86656K, reserved 1130496K
  class space    used 11668K, committed 11968K, reserved 1048576K
}
Event: 11.091 GC heap after
{Heap after GC invocations=19 (full 0):
 garbage-first heap   total 143360K, used 62793K [0x0000000080000000, 0x0000000100000000)
  region size 1024K, 7 young (7168K), 7 survivors (7168K)
 Metaspace       used 86046K, committed 86656K, reserved 1130496K
  class space    used 11668K, committed 11968K, reserved 1048576K
}
Event: 11.857 GC heap before
{Heap before GC invocations=19 (full 0):
 garbage-first heap   total 143360K, used 116041K [0x0000000080000000, 0x0000000100000000)
  region size 1024K, 59 young (60416K), 7 survivors (7168K)
 Metaspace       used 92279K, committed 92928K, reserved 1130496K
  class space    used 12562K, committed 12864K, reserved 1048576K
}
Event: 11.865 GC heap after
{Heap after GC invocations=20 (full 0):
 garbage-first heap   total 143360K, used 67047K [0x0000000080000000, 0x0000000100000000)
  region size 1024K, 8 young (8192K), 8 survivors (8192K)
 Metaspace       used 92279K, committed 92928K, reserved 1130496K
  class space    used 12562K, committed 12864K, reserved 1048576K
}
Event: 12.259 GC heap before
{Heap before GC invocations=20 (full 0):
 garbage-first heap   total 143360K, used 116199K [0x0000000080000000, 0x0000000100000000)
  region size 1024K, 56 young (57344K), 8 survivors (8192K)
 Metaspace       used 93689K, committed 94336K, reserved 1130496K
  class space    used 12747K, committed 13056K, reserved 1048576K
}
Event: 12.271 GC heap after
{Heap after GC invocations=21 (full 0):
 garbage-first heap   total 143360K, used 73576K [0x0000000080000000, 0x0000000100000000)
  region size 1024K, 7 young (7168K), 7 survivors (7168K)
 Metaspace       used 93689K, committed 94336K, reserved 1130496K
  class space    used 12747K, committed 13056K, reserved 1048576K
}
Event: 12.871 GC heap before
{Heap before GC invocations=21 (full 0):
 garbage-first heap   total 143360K, used 114536K [0x0000000080000000, 0x0000000100000000)
  region size 1024K, 48 young (49152K), 7 survivors (7168K)
 Metaspace       used 95757K, committed 96384K, reserved 1138688K
  class space    used 13136K, committed 13440K, reserved 1048576K
}
Event: 12.880 GC heap after
{Heap after GC invocations=22 (full 0):
 garbage-first heap   total 143360K, used 79693K [0x0000000080000000, 0x0000000100000000)
  region size 1024K, 6 young (6144K), 6 survivors (6144K)
 Metaspace       used 95757K, committed 96384K, reserved 1138688K
  class space    used 13136K, committed 13440K, reserved 1048576K
}
Event: 13.796 GC heap before
{Heap before GC invocations=23 (full 0):
 garbage-first heap   total 155648K, used 113485K [0x0000000080000000, 0x0000000100000000)
  region size 1024K, 40 young (40960K), 6 survivors (6144K)
 Metaspace       used 95995K, committed 96704K, reserved 1138688K
  class space    used 13143K, committed 13504K, reserved 1048576K
}
Event: 13.803 GC heap after
{Heap after GC invocations=24 (full 0):
 garbage-first heap   total 155648K, used 81687K [0x0000000080000000, 0x0000000100000000)
  region size 1024K, 3 young (3072K), 3 survivors (3072K)
 Metaspace       used 95995K, committed 96704K, reserved 1138688K
  class space    used 13143K, committed 13504K, reserved 1048576K
}
Event: 13.862 GC heap before
{Heap before GC invocations=24 (full 0):
 garbage-first heap   total 155648K, used 84759K [0x0000000080000000, 0x0000000100000000)
  region size 1024K, 7 young (7168K), 3 survivors (3072K)
 Metaspace       used 96057K, committed 96704K, reserved 1138688K
  class space    used 13145K, committed 13504K, reserved 1048576K
}
Event: 13.869 GC heap after
{Heap after GC invocations=25 (full 0):
 garbage-first heap   total 155648K, used 81595K [0x0000000080000000, 0x0000000100000000)
  region size 1024K, 1 young (1024K), 1 survivors (1024K)
 Metaspace       used 96057K, committed 96704K, reserved 1138688K
  class space    used 13145K, committed 13504K, reserved 1048576K
}
Event: 14.339 GC heap before
{Heap before GC invocations=25 (full 0):
 garbage-first heap   total 155648K, used 124603K [0x0000000080000000, 0x0000000100000000)
  region size 1024K, 44 young (45056K), 1 survivors (1024K)
 Metaspace       used 96593K, committed 97216K, reserved 1138688K
  class space    used 13181K, committed 13504K, reserved 1048576K
}
Event: 14.346 GC heap after
{Heap after GC invocations=26 (full 0):
 garbage-first heap   total 155648K, used 84383K [0x0000000080000000, 0x0000000100000000)
  region size 1024K, 4 young (4096K), 4 survivors (4096K)
 Metaspace       used 96593K, committed 97216K, reserved 1138688K
  class space    used 13181K, committed 13504K, reserved 1048576K
}
Event: 14.771 GC heap before
{Heap before GC invocations=27 (full 0):
 garbage-first heap   total 163840K, used 125343K [0x0000000080000000, 0x0000000100000000)
  region size 1024K, 45 young (46080K), 4 survivors (4096K)
 Metaspace       used 96867K, committed 97536K, reserved 1138688K
  class space    used 13214K, committed 13504K, reserved 1048576K
}
Event: 14.779 GC heap after
{Heap after GC invocations=28 (full 0):
 garbage-first heap   total 163840K, used 87313K [0x0000000080000000, 0x0000000100000000)
  region size 1024K, 3 young (3072K), 3 survivors (3072K)
 Metaspace       used 96867K, committed 97536K, reserved 1138688K
  class space    used 13214K, committed 13504K, reserved 1048576K
}
Event: 14.954 GC heap before
{Heap before GC invocations=28 (full 0):
 garbage-first heap   total 163840K, used 92433K [0x0000000080000000, 0x0000000100000000)
  region size 1024K, 8 young (8192K), 3 survivors (3072K)
 Metaspace       used 97855K, committed 98496K, reserved 1138688K
  class space    used 13302K, committed 13632K, reserved 1048576K
}
Event: 14.972 GC heap after
{Heap after GC invocations=29 (full 0):
 garbage-first heap   total 236544K, used 87162K [0x0000000080000000, 0x0000000100000000)
  region size 1024K, 1 young (1024K), 1 survivors (1024K)
 Metaspace       used 97855K, committed 98496K, reserved 1138688K
  class space    used 13302K, committed 13632K, reserved 1048576K
}

