# JRE version: OpenJDK Runtime Environment (17.0.6) (build 17.0.6+0-b2043.56-10027231)
# Java VM: OpenJDK 64-Bit Server VM (17.0.6+0-b2043.56-10027231, mixed mode, tiered, compressed oops, compressed class ptrs, g1 gc, windows-amd64)
GC Precious Log:
 CPUs: 8 total, 8 available
 Memory: 6082M
 Large Page Support: Disabled
 NUMA Support: Disabled
 Compressed Oops: Enabled (32-bit)
 Heap Region Size: 1M
 Heap Min Capacity: 8M
 Heap Initial Capacity: 96M
 Heap Max Capacity: 2G
 Pre-touch: Disabled
 Parallel Workers: 8
 Concurrent Workers: 2
 Concurrent Refinement Workers: 8
 Periodic GC: Disabled
Heap:
 garbage-first heap   total 360448K, used 137330K [0x0000000080000000, 0x0000000100000000)
  region size 1024K, 4 young (4096K), 4 survivors (4096K)
 Metaspace       used 147353K, committed 148672K, reserved 1179648K
  class space    used 20187K, committed 20800K, reserved 1048576K
GC Heap History (20 events):
Event: 209.034 GC heap after
{Heap after GC invocations=59 (full 0):
 garbage-first heap   total 360448K, used 128083K [0x0000000080000000, 0x0000000100000000)
  region size 1024K, 3 young (3072K), 3 survivors (3072K)
 Metaspace       used 136408K, committed 137344K, reserved 1171456K
  class space    used 18639K, committed 19072K, reserved 1048576K
}
Event: 229.461 GC heap before
{Heap before GC invocations=59 (full 0):
 garbage-first heap   total 360448K, used 312403K [0x0000000080000000, 0x0000000100000000)
  region size 1024K, 145 young (148480K), 3 survivors (3072K)
 Metaspace       used 144754K, committed 145856K, reserved 1179648K
  class space    used 19985K, committed 20480K, reserved 1048576K
}
Event: 229.534 GC heap after
{Heap after GC invocations=60 (full 0):
 garbage-first heap   total 360448K, used 130258K [0x0000000080000000, 0x0000000100000000)
  region size 1024K, 5 young (5120K), 5 survivors (5120K)
 Metaspace       used 144754K, committed 145856K, reserved 1179648K
  class space    used 19985K, committed 20480K, reserved 1048576K
}
Event: 384.660 GC heap before
{Heap before GC invocations=60 (full 0):
 garbage-first heap   total 360448K, used 280786K [0x0000000080000000, 0x0000000100000000)
  region size 1024K, 152 young (155648K), 5 survivors (5120K)
 Metaspace       used 145409K, committed 146496K, reserved 1179648K
  class space    used 20025K, committed 20544K, reserved 1048576K
}
Event: 384.715 GC heap after
{Heap after GC invocations=61 (full 0):
 garbage-first heap   total 360448K, used 129146K [0x0000000080000000, 0x0000000100000000)
  region size 1024K, 4 young (4096K), 4 survivors (4096K)
 Metaspace       used 145409K, committed 146496K, reserved 1179648K
  class space    used 20025K, committed 20544K, reserved 1048576K
}
Event: 386.665 GC heap before
{Heap before GC invocations=61 (full 0):
 garbage-first heap   total 360448K, used 188538K [0x0000000080000000, 0x0000000100000000)
  region size 1024K, 64 young (65536K), 4 survivors (4096K)
 Metaspace       used 145625K, committed 146752K, reserved 1179648K
  class space    used 20034K, committed 20544K, reserved 1048576K
}
Event: 386.708 GC heap after
{Heap after GC invocations=62 (full 0):
 garbage-first heap   total 360448K, used 137409K [0x0000000080000000, 0x0000000100000000)
  region size 1024K, 12 young (12288K), 12 survivors (12288K)
 Metaspace       used 145625K, committed 146752K, reserved 1179648K
  class space    used 20034K, committed 20544K, reserved 1048576K
}
Event: 621.132 GC heap before
{Heap before GC invocations=63 (full 0):
 garbage-first heap   total 360448K, used 285889K [0x0000000080000000, 0x0000000100000000)
  region size 1024K, 156 young (159744K), 12 survivors (12288K)
 Metaspace       used 145896K, committed 146944K, reserved 1179648K
  class space    used 20023K, committed 20544K, reserved 1048576K
}
Event: 621.235 GC heap after
{Heap after GC invocations=64 (full 0):
 garbage-first heap   total 360448K, used 144798K [0x0000000080000000, 0x0000000100000000)
  region size 1024K, 16 young (16384K), 16 survivors (16384K)
 Metaspace       used 145896K, committed 146944K, reserved 1179648K
  class space    used 20023K, committed 20544K, reserved 1048576K
}
Event: 621.249 GC heap before
{Heap before GC invocations=64 (full 0):
 garbage-first heap   total 360448K, used 145822K [0x0000000080000000, 0x0000000100000000)
  region size 1024K, 17 young (17408K), 16 survivors (16384K)
 Metaspace       used 145896K, committed 146944K, reserved 1179648K
  class space    used 20023K, committed 20544K, reserved 1048576K
}
Event: 621.350 GC heap after
{Heap after GC invocations=65 (full 0):
 garbage-first heap   total 360448K, used 138863K [0x0000000080000000, 0x0000000100000000)
  region size 1024K, 2 young (2048K), 2 survivors (2048K)
 Metaspace       used 145896K, committed 146944K, reserved 1179648K
  class space    used 20023K, committed 20544K, reserved 1048576K
}
Event: 623.693 GC heap before
{Heap before GC invocations=65 (full 0):
 garbage-first heap   total 360448K, used 185967K [0x0000000080000000, 0x0000000100000000)
  region size 1024K, 50 young (51200K), 2 survivors (2048K)
 Metaspace       used 146215K, committed 147328K, reserved 1179648K
  class space    used 20028K, committed 20544K, reserved 1048576K
}
Event: 623.731 GC heap after
{Heap after GC invocations=66 (full 0):
 garbage-first heap   total 360448K, used 143619K [0x0000000080000000, 0x0000000100000000)
  region size 1024K, 7 young (7168K), 7 survivors (7168K)
 Metaspace       used 146215K, committed 147328K, reserved 1179648K
  class space    used 20028K, committed 20544K, reserved 1048576K
}
Event: 663.972 GC heap before
{Heap before GC invocations=67 (full 0):
 garbage-first heap   total 360448K, used 279811K [0x0000000080000000, 0x0000000100000000)
  region size 1024K, 128 young (131072K), 7 survivors (7168K)
 Metaspace       used 146931K, committed 148224K, reserved 1179648K
  class space    used 20159K, committed 20800K, reserved 1048576K
}
Event: 664.025 GC heap after
{Heap after GC invocations=68 (full 0):
 garbage-first heap   total 360448K, used 153641K [0x0000000080000000, 0x0000000100000000)
  region size 1024K, 15 young (15360K), 15 survivors (15360K)
 Metaspace       used 146931K, committed 148224K, reserved 1179648K
  class space    used 20159K, committed 20800K, reserved 1048576K
}
Event: 664.054 GC heap before
{Heap before GC invocations=68 (full 0):
 garbage-first heap   total 360448K, used 155689K [0x0000000080000000, 0x0000000100000000)
  region size 1024K, 17 young (17408K), 15 survivors (15360K)
 Metaspace       used 146950K, committed 148288K, reserved 1179648K
  class space    used 20163K, committed 20800K, reserved 1048576K
}
Event: 664.131 GC heap after
{Heap after GC invocations=69 (full 0):
 garbage-first heap   total 360448K, used 135602K [0x0000000080000000, 0x0000000100000000)
  region size 1024K, 2 young (2048K), 2 survivors (2048K)
 Metaspace       used 146950K, committed 148288K, reserved 1179648K
  class space    used 20163K, committed 20800K, reserved 1048576K
}
Event: 702.272 GC heap before
{Heap before GC invocations=69 (full 0):
 garbage-first heap   total 360448K, used 197042K [0x0000000080000000, 0x0000000100000000)
  region size 1024K, 63 young (64512K), 2 survivors (2048K)
 Metaspace       used 147109K, committed 148480K, reserved 1179648K
  class space    used 20176K, committed 20800K, reserved 1048576K
}
Event: 702.320 GC heap after
{Heap after GC invocations=70 (full 0):
 garbage-first heap   total 360448K, used 140518K [0x0000000080000000, 0x0000000100000000)
  region size 1024K, 7 young (7168K), 7 survivors (7168K)
 Metaspace       used 147109K, committed 148480K, reserved 1179648K
  class space    used 20176K, committed 20800K, reserved 1048576K
}
Event: 712.183 GC heap before
{Heap before GC invocations=71 (full 0):
 garbage-first heap   total 360448K, used 294118K [0x0000000080000000, 0x0000000100000000)
  region size 1024K, 139 young (142336K), 7 survivors (7168K)
 Metaspace       used 147353K, committed 148672K, reserved 1179648K
  class space    used 20187K, committed 20800K, reserved 1048576K
}

