# JRE version: OpenJDK Runtime Environment (17.0.6) (build 17.0.6+0-b2043.56-10027231)
# Java VM: OpenJDK 64-Bit Server VM (17.0.6+0-b2043.56-10027231, mixed mode, tiered, compressed oops, compressed class ptrs, g1 gc, windows-amd64)
GC Precious Log:
 CPUs: 8 total, 8 available
 Memory: 6082M
 Large Page Support: Disabled
 NUMA Support: Disabled
 Compressed Oops: Enabled (32-bit)
 Heap Region Size: 1M
 Heap Min Capacity: 8M
 Heap Initial Capacity: 96M
 Heap Max Capacity: 2G
 Pre-touch: Disabled
 Parallel Workers: 8
 Concurrent Workers: 2
 Concurrent Refinement Workers: 8
 Periodic GC: Disabled
Heap:
 garbage-first heap   total 156672K, used 82783K [0x0000000080000000, 0x0000000100000000)
  region size 1024K, 4 young (4096K), 4 survivors (4096K)
 Metaspace       used 91139K, committed 91776K, reserved 1130496K
  class space    used 12485K, committed 12800K, reserved 1048576K
GC Heap History (20 events):
Event: 8.559 GC heap after
{Heap after GC invocations=18 (full 0):
 garbage-first heap   total 86016K, used 49127K [0x0000000080000000, 0x0000000100000000)
  region size 1024K, 1 young (1024K), 1 survivors (1024K)
 Metaspace       used 63509K, committed 64064K, reserved 1105920K
  class space    used 8452K, committed 8704K, reserved 1048576K
}
Event: 8.622 GC heap before
{Heap before GC invocations=18 (full 0):
 garbage-first heap   total 86016K, used 51175K [0x0000000080000000, 0x0000000100000000)
  region size 1024K, 4 young (4096K), 1 survivors (1024K)
 Metaspace       used 63799K, committed 64384K, reserved 1105920K
  class space    used 8487K, committed 8704K, reserved 1048576K
}
Event: 8.623 GC heap after
{Heap after GC invocations=19 (full 0):
 garbage-first heap   total 86016K, used 49546K [0x0000000080000000, 0x0000000100000000)
  region size 1024K, 2 young (2048K), 2 survivors (2048K)
 Metaspace       used 63799K, committed 64384K, reserved 1105920K
  class space    used 8487K, committed 8704K, reserved 1048576K
}
Event: 8.772 GC heap before
{Heap before GC invocations=20 (full 0):
 garbage-first heap   total 112640K, used 72074K [0x0000000080000000, 0x0000000100000000)
  region size 1024K, 19 young (19456K), 2 survivors (2048K)
 Metaspace       used 64552K, committed 65088K, reserved 1105920K
  class space    used 8598K, committed 8832K, reserved 1048576K
}
Event: 8.775 GC heap after
{Heap after GC invocations=21 (full 0):
 garbage-first heap   total 112640K, used 51230K [0x0000000080000000, 0x0000000100000000)
  region size 1024K, 3 young (3072K), 3 survivors (3072K)
 Metaspace       used 64552K, committed 65088K, reserved 1105920K
  class space    used 8598K, committed 8832K, reserved 1048576K
}
Event: 8.813 GC heap before
{Heap before GC invocations=21 (full 0):
 garbage-first heap   total 112640K, used 53278K [0x0000000080000000, 0x0000000100000000)
  region size 1024K, 5 young (5120K), 3 survivors (3072K)
 Metaspace       used 64816K, committed 65344K, reserved 1105920K
  class space    used 8625K, committed 8832K, reserved 1048576K
}
Event: 8.817 GC heap after
{Heap after GC invocations=22 (full 0):
 garbage-first heap   total 156672K, used 51331K [0x0000000080000000, 0x0000000100000000)
  region size 1024K, 1 young (1024K), 1 survivors (1024K)
 Metaspace       used 64816K, committed 65344K, reserved 1105920K
  class space    used 8625K, committed 8832K, reserved 1048576K
}
Event: 9.561 GC heap before
{Heap before GC invocations=22 (full 0):
 garbage-first heap   total 156672K, used 103555K [0x0000000080000000, 0x0000000100000000)
  region size 1024K, 52 young (53248K), 1 survivors (1024K)
 Metaspace       used 70658K, committed 71168K, reserved 1114112K
  class space    used 9396K, committed 9600K, reserved 1048576K
}
Event: 9.565 GC heap after
{Heap after GC invocations=23 (full 0):
 garbage-first heap   total 156672K, used 54204K [0x0000000080000000, 0x0000000100000000)
  region size 1024K, 4 young (4096K), 4 survivors (4096K)
 Metaspace       used 70658K, committed 71168K, reserved 1114112K
  class space    used 9396K, committed 9600K, reserved 1048576K
}
Event: 10.697 GC heap before
{Heap before GC invocations=23 (full 0):
 garbage-first heap   total 156672K, used 113596K [0x0000000080000000, 0x0000000100000000)
  region size 1024K, 62 young (63488K), 4 survivors (4096K)
 Metaspace       used 76841K, committed 77440K, reserved 1122304K
  class space    used 10407K, committed 10688K, reserved 1048576K
}
Event: 10.703 GC heap after
{Heap after GC invocations=24 (full 0):
 garbage-first heap   total 156672K, used 57436K [0x0000000080000000, 0x0000000100000000)
  region size 1024K, 7 young (7168K), 7 survivors (7168K)
 Metaspace       used 76841K, committed 77440K, reserved 1122304K
  class space    used 10407K, committed 10688K, reserved 1048576K
}
Event: 11.734 GC heap before
{Heap before GC invocations=24 (full 0):
 garbage-first heap   total 156672K, used 116828K [0x0000000080000000, 0x0000000100000000)
  region size 1024K, 65 young (66560K), 7 survivors (7168K)
 Metaspace       used 83221K, committed 83840K, reserved 1122304K
  class space    used 11351K, committed 11648K, reserved 1048576K
}
Event: 11.742 GC heap after
{Heap after GC invocations=25 (full 0):
 garbage-first heap   total 156672K, used 61689K [0x0000000080000000, 0x0000000100000000)
  region size 1024K, 8 young (8192K), 8 survivors (8192K)
 Metaspace       used 83221K, committed 83840K, reserved 1122304K
  class space    used 11351K, committed 11648K, reserved 1048576K
}
Event: 12.556 GC heap before
{Heap before GC invocations=25 (full 0):
 garbage-first heap   total 156672K, used 120057K [0x0000000080000000, 0x0000000100000000)
  region size 1024K, 65 young (66560K), 8 survivors (8192K)
 Metaspace       used 88110K, committed 88768K, reserved 1130496K
  class space    used 12033K, committed 12352K, reserved 1048576K
}
Event: 12.570 GC heap after
{Heap after GC invocations=26 (full 0):
 garbage-first heap   total 156672K, used 67568K [0x0000000080000000, 0x0000000100000000)
  region size 1024K, 9 young (9216K), 9 survivors (9216K)
 Metaspace       used 88110K, committed 88768K, reserved 1130496K
  class space    used 12033K, committed 12352K, reserved 1048576K
}
Event: 13.259 GC heap before
{Heap before GC invocations=26 (full 0):
 garbage-first heap   total 156672K, used 120816K [0x0000000080000000, 0x0000000100000000)
  region size 1024K, 62 young (63488K), 9 survivors (9216K)
 Metaspace       used 90099K, committed 90816K, reserved 1130496K
  class space    used 12397K, committed 12736K, reserved 1048576K
}
Event: 13.274 GC heap after
{Heap after GC invocations=27 (full 0):
 garbage-first heap   total 156672K, used 75776K [0x0000000080000000, 0x0000000100000000)
  region size 1024K, 8 young (8192K), 8 survivors (8192K)
 Metaspace       used 90099K, committed 90816K, reserved 1130496K
  class space    used 12397K, committed 12736K, reserved 1048576K
}
Event: 13.686 GC heap before
{Heap before GC invocations=27 (full 0):
 garbage-first heap   total 156672K, used 121856K [0x0000000080000000, 0x0000000100000000)
  region size 1024K, 54 young (55296K), 8 survivors (8192K)
 Metaspace       used 90522K, committed 91200K, reserved 1130496K
  class space    used 12448K, committed 12800K, reserved 1048576K
}
Event: 13.696 GC heap after
{Heap after GC invocations=28 (full 0):
 garbage-first heap   total 156672K, used 79593K [0x0000000080000000, 0x0000000100000000)
  region size 1024K, 4 young (4096K), 4 survivors (4096K)
 Metaspace       used 90522K, committed 91200K, reserved 1130496K
  class space    used 12448K, committed 12800K, reserved 1048576K
}
Event: 14.270 GC heap before
{Heap before GC invocations=28 (full 0):
 garbage-first heap   total 156672K, used 123625K [0x0000000080000000, 0x0000000100000000)
  region size 1024K, 48 young (49152K), 4 survivors (4096K)
 Metaspace       used 91139K, committed 91776K, reserved 1130496K
  class space    used 12485K, committed 12800K, reserved 1048576K
}

